<?xml version="1.0" encoding="UTF-8"?>
<!-- Generated by org.testng.reporters.JUnitXMLReporter -->
<testsuite ignored="0" hostname="LIN-5CD5332TNP" failures="1" tests="3" name="sanity" time="0.1" errors="0" timestamp="2025-11-14T15:37:53 IST">
  <testcase classname="testNG.TestNGExp12_retry" name="login" time="0.025">
    <skipped/>
  </testcase> <!-- login -->
  <testcase classname="testNG.TestNGExp12_retry" name="login" time="0.001">
    <skipped/>
  </testcase> <!-- login -->
  <testcase classname="testNG.TestNGExp12_retry" name="login" time="0.002">
    <failure type="java.lang.AssertionError" message="expected [true] but found [false]">
      <![CDATA[java.lang.AssertionError: expected [true] but found [false]
at testNG.TestNGExp12_retry.login(TestNGExp12_retry.java:11)
at java.base/java.util.ArrayList.forEach(ArrayList.java:1511)
... Removed 31 stack frames]]>
    </failure>
  </testcase> <!-- login -->
</testsuite> <!-- sanity -->
