<?xml version="1.0" encoding="UTF-8"?>
<!-- Generated by org.testng.reporters.JUnitXMLReporter -->
<testsuite ignored="0" hostname="LIN-5CD5332TNP" failures="1" tests="1" name="Smoke" time="0.015" errors="0" timestamp="2025-11-12T16:40:11 IST">
  <testcase classname="alert.AlertExp1" name="testAdditionShouldFail" time="0.011">
    <failure type="java.lang.AssertionError" message="Expected 5 but got 4 expected [5] but found [4]">
      <![CDATA[java.lang.AssertionError: Expected 5 but got 4 expected [5] but found [4]
at alert.AlertExp1.testAdditionShouldFail(AlertExp1.java:12)
at java.base/java.util.ArrayList.forEach(ArrayList.java:1511)
... Removed 33 stack frames]]>
    </failure>
  </testcase> <!-- testAdditionShouldFail -->
</testsuite> <!-- Smoke -->
