<?xml version="1.0" encoding="UTF-8"?>
<testng-results ignored="0" total="1" passed="1" failed="0" skipped="0">
  <reporter-output>
  </reporter-output>
  <suite started-at="2025-11-17T11:53:03 IST" name="Suite" finished-at="2025-11-17T11:53:14 IST" duration-ms="11056">
    <groups>
    </groups>
    <test started-at="2025-11-17T11:53:03 IST" name="Sanity" finished-at="2025-11-17T11:53:14 IST" duration-ms="11056">
      <class name="extentReportExp4.NewTest">
        <test-method signature="testreport()[pri:0, instance:extentReportExp4.NewTest@5e2c3d18]" started-at="2025-11-17T11:53:03 IST" name="testreport" finished-at="2025-11-17T11:53:14 IST" duration-ms="10988" status="PASS">
          <reporter-output>
          </reporter-output>
        </test-method> <!-- testreport -->
      </class> <!-- extentReportExp4.NewTest -->
    </test> <!-- Sanity -->
  </suite> <!-- Suite -->
</testng-results>
