<?xml version="1.0" encoding="UTF-8"?>
<testng-results ignored="0" total="1" passed="1" failed="0" skipped="0">
  <reporter-output>
  </reporter-output>
  <suite started-at="2025-11-17T11:22:16 IST" name="Suite" finished-at="2025-11-17T11:22:29 IST" duration-ms="12569">
    <groups>
    </groups>
    <test started-at="2025-11-17T11:22:16 IST" name="Sanity" finished-at="2025-11-17T11:22:29 IST" duration-ms="12569">
      <class name="extentReportExp4.NewTest">
        <test-method signature="testreport()[pri:0, instance:extentReportExp4.NewTest@5e2c3d18]" started-at="2025-11-17T11:22:16 IST" name="testreport" finished-at="2025-11-17T11:22:29 IST" duration-ms="12494" status="PASS">
          <reporter-output>
          </reporter-output>
        </test-method> <!-- testreport -->
      </class> <!-- extentReportExp4.NewTest -->
    </test> <!-- Sanity -->
  </suite> <!-- Suite -->
</testng-results>
