<?xml version="1.0" encoding="UTF-8"?>
<!-- Generated by org.testng.reporters.JUnitReportReporter -->
<testsuite hostname="LIN-5CD5332TNP" failures="0" tests="5" name="testNG.Task_tesNg10_Excel" time="0.012" errors="0" timestamp="2025-11-14T11:41:06 IST" skipped="0">
  <testcase classname="testNG.Task_tesNg10_Excel" name="login" time="0.002"/>
  <testcase classname="testNG.Task_tesNg10_Excel" name="login" time="0.006"/>
  <testcase classname="testNG.Task_tesNg10_Excel" name="login" time="0.002"/>
  <testcase classname="testNG.Task_tesNg10_Excel" name="login" time="0.000"/>
  <testcase classname="testNG.Task_tesNg10_Excel" name="login" time="0.002"/>
</testsuite> <!-- testNG.Task_tesNg10_Excel -->
