<?xml version="1.0" encoding="UTF-8"?>
<!-- Generated by org.testng.reporters.JUnitReportReporter -->
<testsuite hostname="LIN-5CD5332TNP" failures="0" tests="4" name="testNG.TestNGExp6" time="0.019" errors="0" timestamp="2025-11-14T10:16:09 IST" skipped="0">
  <testcase classname="testNG.TestNGExp6" name="RegistrationTest" time="0.001"/>
  <testcase classname="testNG.TestNGExp6" name="BilingTest" time="0.013"/>
  <testcase classname="testNG.TestNGExp6" name="LoginTest" time="0.004"/>
  <testcase classname="testNG.TestNGExp6" name="PayementTest" time="0.001"/>
</testsuite> <!-- testNG.TestNGExp6 -->
