<?xml version="1.0" encoding="UTF-8"?>
<!-- Generated by org.testng.reporters.JUnitReportReporter -->
<testsuite hostname="LIN-5CD5332TNP" failures="0" tests="3" name="testNG.TestNGExp10" time="0.011" errors="0" timestamp="2025-11-14T11:09:37 IST" skipped="0">
  <testcase classname="testNG.TestNGExp10" name="login" time="0.002"/>
  <testcase classname="testNG.TestNGExp10" name="login" time="0.001"/>
  <testcase classname="testNG.TestNGExp10" name="login" time="0.008"/>
</testsuite> <!-- testNG.TestNGExp10 -->
