<?xml version="1.0" encoding="UTF-8"?>
<!-- Generated by org.testng.reporters.JUnitReportReporter -->
<testsuite hostname="LIN-5CD5332TNP" failures="0" tests="4" name="testNG.TestNGExp11" time="0.018" errors="0" timestamp="2025-11-14T15:07:00 IST" skipped="0">
  <testcase classname="testNG.TestNGExp11" name="LoginMethod" time="0.002"/>
  <testcase classname="testNG.TestNGExp11" name="RegistrationMethod" time="0.002"/>
  <testcase classname="testNG.TestNGExp11" name="PayementMethod" time="0.002"/>
  <testcase classname="testNG.TestNGExp11" name="BilingMethod" time="0.012"/>
</testsuite> <!-- testNG.TestNGExp11 -->
