<?xml version="1.0" encoding="UTF-8"?>
<!-- Generated by org.testng.reporters.JUnitReportReporter -->
<testsuite hostname="LIN-5CD5332TNP" failures="0" tests="6" name="testNG.TestNGExp5" time="2.030" errors="1" timestamp="2025-11-12T17:51:51 IST" skipped="0">
  <testcase classname="testNG.TestNGExp5" name="payementTest" time="0.001"/>
  <testcase classname="testNG.TestNGExp5" name="BilingTest" time="2.021">
    <error message="Method testNG.TestNGExp5.BilingTest() didn&#039;t finish within the time-out 2000" type="org.testng.internal.thread.ThreadTimeoutException">
      <![CDATA[org.testng.internal.thread.ThreadTimeoutException: Method testNG.TestNGExp5.BilingTest() didn't finish within the time-out 2000
at java.base@17.0.16/java.lang.Thread.sleep(Native Method)
at app//testNG.TestNGExp5.BilingTest(TestNGExp5.java:15)
at java.base@17.0.16/jdk.internal.reflect.NativeMethodAccessorImpl.invoke0(Native Method)
at java.base@17.0.16/jdk.internal.reflect.NativeMethodAccessorImpl.invoke(NativeMethodAccessorImpl.java:77)
at java.base@17.0.16/jdk.internal.reflect.DelegatingMethodAccessorImpl.invoke(DelegatingMethodAccessorImpl.java:43)
at java.base@17.0.16/java.lang.reflect.Method.invoke(Method.java:569)
at app//org.testng.internal.invokers.MethodInvocationHelper.invokeMethod(MethodInvocationHelper.java:141)
at app//org.testng.internal.invokers.InvokeMethodRunnable.runOne(InvokeMethodRunnable.java:47)
at app//org.testng.internal.invokers.InvokeMethodRunnable.call(InvokeMethodRunnable.java:76)
at app//org.testng.internal.invokers.InvokeMethodRunnable.call(InvokeMethodRunnable.java:11)
at java.base@17.0.16/java.util.concurrent.FutureTask.run(FutureTask.java:264)
at java.base@17.0.16/java.util.concurrent.ThreadPoolExecutor.runWorker(ThreadPoolExecutor.java:1136)
at java.base@17.0.16/java.util.concurrent.ThreadPoolExecutor$Worker.run(ThreadPoolExecutor.java:635)
at java.base@17.0.16/java.lang.Thread.run(Thread.java:840)
]]>
    </error>
  </testcase> <!-- BilingTest -->
  <testcase classname="testNG.TestNGExp5" name="payementTest" time="0.002"/>
  <testcase classname="testNG.TestNGExp5" name="payementTest" time="0.004"/>
  <testcase classname="testNG.TestNGExp5" name="payementTest" time="0.001"/>
  <testcase classname="testNG.TestNGExp5" name="payementTest" time="0.001"/>
</testsuite> <!-- testNG.TestNGExp5 -->
