<?xml version="1.0" encoding="UTF-8"?>
<!-- Generated by org.testng.reporters.JUnitReportReporter -->
<testsuite hostname="LIN-5CD5332TNP" failures="0" tests="4" name="testNG.TestNGExp9" time="0.073" errors="0" timestamp="2025-11-14T10:41:14 IST" skipped="0">
  <testcase classname="testNG.TestNGExp9" name="m3" time="0.017"/>
  <testcase classname="testNG.TestNGExp9" name="m2" time="0.017"/>
  <testcase classname="testNG.TestNGExp9" name="m4" time="0.019"/>
  <testcase classname="testNG.TestNGExp9" name="m1" time="0.020"/>
</testsuite> <!-- testNG.TestNGExp9 -->
